<?xml version="1.0" encoding="UTF-8"?>
<!-- Generated by org.testng.reporters.JUnitXMLReporter -->
<testsuite hostname="ip-172-31-31-175" ignored="4" name="Test" tests="4" failures="0" timestamp="2021-12-15T06:07:09 UTC" time="7.8" errors="0">
  <testcase name="signupTest" time="1.015" classname="test.SignUpPageTest"/>
  <testcase name="NegetiveLoginTest" time="0.459" classname="test.LoginPageTest"/>
  <testcase name="PositiveLoginTest" time="0.461" classname="test.LoginPageTest"/>
  <testcase name="afterLogin" time="1.143" classname="test.AfterLoginTest"/>
  <testcase name="@BeforeTest ReportSetup" time="0.0" classname="test.Baseclass">
    <ignored/>
  </testcase> <!-- @BeforeTest ReportSetup -->
  <testcase name="@BeforeTest ReportSetup" time="0.0" classname="test.Baseclass">
    <ignored/>
  </testcase> <!-- @BeforeTest ReportSetup -->
  <testcase name="@AfterTest ReportTearDown" time="0.0" classname="test.Baseclass">
    <ignored/>
  </testcase> <!-- @AfterTest ReportTearDown -->
  <testcase name="@AfterTest ReportTearDown" time="0.0" classname="test.Baseclass">
    <ignored/>
  </testcase> <!-- @AfterTest ReportTearDown -->
</testsuite> <!-- Test -->
