<?xml version="1.0" encoding="UTF-8"?>
<!-- Generated by org.testng.reporters.JUnitXMLReporter -->
<testsuite hostname="ip-172-31-31-175" ignored="1" name="Test" tests="2" failures="0" timestamp="10 Dec 2021 15:54:42 GMT" time="3.196" errors="0">
  <testcase name="signupTest" time="0.986" classname="test.SignUpPageTest"/>
  <testcase name="LoginTest" time="0.503" classname="test.LoginPageTest"/>
  <testcase name="@BeforeTest ReportSetup" time="0.0" classname="test.Baseclass">
    <ignored/>
  </testcase> <!-- @BeforeTest ReportSetup -->
</testsuite> <!-- Test -->
