<?xml version="1.0" encoding="UTF-8"?>
<testng-results skipped="0" failed="0" ignored="1" total="3" passed="2">
  <reporter-output>
  </reporter-output>
  <suite name="Suite" duration-ms="3196" started-at="2021-12-10T15:54:38Z" finished-at="2021-12-10T15:54:41Z">
    <groups>
    </groups>
    <test name="Test" duration-ms="3196" started-at="2021-12-10T15:54:38Z" finished-at="2021-12-10T15:54:41Z">
      <class name="test.LoginPageTest">
        <test-method status="PASS" signature="setup()[pri:0, instance:test.LoginPageTest@36b4cef0]" name="setup" is-config="true" duration-ms="642" started-at="2021-12-10T15:54:40Z" finished-at="2021-12-10T15:54:41Z">
          <reporter-output>
          </reporter-output>
        </test-method> <!-- setup -->
        <test-method status="PASS" signature="LoginTest(java.lang.String, java.lang.String)[pri:0, instance:test.LoginPageTest@36b4cef0]" name="LoginTest" duration-ms="503" started-at="2021-12-10T15:54:41Z" finished-at="2021-12-10T15:54:41Z">
          <params>
            <param index="0">
              <value>
                <![CDATA[abc@gmail.com]]>
              </value>
            </param>
            <param index="1">
              <value>
                <![CDATA[ABCdefg1234##]]>
              </value>
            </param>
          </params>
          <reporter-output>
          </reporter-output>
        </test-method> <!-- LoginTest -->
      </class> <!-- test.LoginPageTest -->
      <class name="test.SignUpPageTest">
        <test-method status="PASS" signature="ReportSetup()[pri:0, instance:test.SignUpPageTest@3d921e20]" name="ReportSetup" is-config="true" duration-ms="87" started-at="2021-12-10T15:54:38Z" finished-at="2021-12-10T15:54:38Z">
          <reporter-output>
          </reporter-output>
        </test-method> <!-- ReportSetup -->
        <test-method status="PASS" signature="setup()[pri:0, instance:test.SignUpPageTest@3d921e20]" name="setup" is-config="true" duration-ms="959" started-at="2021-12-10T15:54:38Z" finished-at="2021-12-10T15:54:39Z">
          <reporter-output>
          </reporter-output>
        </test-method> <!-- setup -->
        <test-method status="PASS" signature="signupTest(java.lang.String, java.lang.String, java.lang.String, java.lang.String, java.lang.String, java.lang.String)[pri:0, instance:test.SignUpPageTest@3d921e20]" name="signupTest" duration-ms="986" started-at="2021-12-10T15:54:39Z" finished-at="2021-12-10T15:54:40Z">
          <params>
            <param index="0">
              <value>
                <![CDATA[abc@gmail.com]]>
              </value>
            </param>
            <param index="1">
              <value>
                <![CDATA[ABCdefg1234##]]>
              </value>
            </param>
            <param index="2">
              <value>
                <![CDATA[Mahesh]]>
              </value>
            </param>
            <param index="3">
              <value>
                <![CDATA[Singh]]>
              </value>
            </param>
            <param index="4">
              <value>
                <![CDATA[24]]>
              </value>
            </param>
            <param index="5">
              <value>
                <![CDATA[Bangalore]]>
              </value>
            </param>
          </params>
          <reporter-output>
          </reporter-output>
        </test-method> <!-- signupTest -->
      </class> <!-- test.SignUpPageTest -->
    </test> <!-- Test -->
  </suite> <!-- Suite -->
</testng-results>
