<?xml version="1.0" encoding="UTF-8"?>
<testng-results skipped="0" failed="0" ignored="4" total="8" passed="4">
  <reporter-output>
  </reporter-output>
  <suite name="Suite" duration-ms="7701" started-at="2021-12-15T06:06:37Z" finished-at="2021-12-15T06:06:45Z">
    <groups>
    </groups>
    <test name="Test" duration-ms="7701" started-at="2021-12-15T06:06:37Z" finished-at="2021-12-15T06:06:45Z">
      <class name="test.LoginPageTest">
        <test-method status="PASS" signature="setup()[pri:0, instance:test.LoginPageTest@37d31475]" name="setup" is-config="true" duration-ms="915" started-at="2021-12-15T06:06:39Z" finished-at="2021-12-15T06:06:40Z">
          <reporter-output>
          </reporter-output>
        </test-method> <!-- setup -->
        <test-method status="PASS" signature="NegetiveLoginTest(java.lang.String, java.lang.String)[pri:0, instance:test.LoginPageTest@37d31475]" name="NegetiveLoginTest" duration-ms="480" started-at="2021-12-15T06:06:40Z" finished-at="2021-12-15T06:06:41Z">
          <params>
            <param index="0">
              <value>
                <![CDATA[abc@gmail.com]]>
              </value>
            </param>
            <param index="1">
              <value>
                <![CDATA[STuffg1234##]]>
              </value>
            </param>
          </params>
          <reporter-output>
          </reporter-output>
        </test-method> <!-- NegetiveLoginTest -->
        <test-method status="PASS" signature="teardown()[pri:0, instance:test.LoginPageTest@37d31475]" name="teardown" is-config="true" duration-ms="72" started-at="2021-12-15T06:06:41Z" finished-at="2021-12-15T06:06:41Z">
          <reporter-output>
          </reporter-output>
        </test-method> <!-- teardown -->
        <test-method status="PASS" signature="setup()[pri:0, instance:test.LoginPageTest@37d31475]" name="setup" is-config="true" duration-ms="927" started-at="2021-12-15T06:06:41Z" finished-at="2021-12-15T06:06:42Z">
          <reporter-output>
          </reporter-output>
        </test-method> <!-- setup -->
        <test-method status="PASS" signature="PositiveLoginTest(java.lang.String, java.lang.String)[pri:0, instance:test.LoginPageTest@37d31475]" name="PositiveLoginTest" duration-ms="492" started-at="2021-12-15T06:06:42Z" finished-at="2021-12-15T06:06:42Z">
          <params>
            <param index="0">
              <value>
                <![CDATA[abc@gmail.com]]>
              </value>
            </param>
            <param index="1">
              <value>
                <![CDATA[ABCdefg1234##]]>
              </value>
            </param>
          </params>
          <reporter-output>
          </reporter-output>
        </test-method> <!-- PositiveLoginTest -->
        <test-method status="PASS" signature="teardown()[pri:0, instance:test.LoginPageTest@37d31475]" name="teardown" is-config="true" duration-ms="70" started-at="2021-12-15T06:06:42Z" finished-at="2021-12-15T06:06:42Z">
          <reporter-output>
          </reporter-output>
        </test-method> <!-- teardown -->
      </class> <!-- test.LoginPageTest -->
      <class name="test.SignUpPageTest">
        <test-method status="PASS" signature="ReportSetup()[pri:0, instance:test.SignUpPageTest@1a1d6a08]" name="ReportSetup" is-config="true" duration-ms="86" started-at="2021-12-15T06:06:37Z" finished-at="2021-12-15T06:06:37Z">
          <reporter-output>
          </reporter-output>
        </test-method> <!-- ReportSetup -->
        <test-method status="PASS" signature="setup()[pri:0, instance:test.SignUpPageTest@1a1d6a08]" name="setup" is-config="true" duration-ms="975" started-at="2021-12-15T06:06:37Z" finished-at="2021-12-15T06:06:38Z">
          <reporter-output>
          </reporter-output>
        </test-method> <!-- setup -->
        <test-method status="PASS" signature="signupTest(java.lang.String, java.lang.String, java.lang.String, java.lang.String, java.lang.String, java.lang.String)[pri:0, instance:test.SignUpPageTest@1a1d6a08]" name="signupTest" duration-ms="1048" started-at="2021-12-15T06:06:38Z" finished-at="2021-12-15T06:06:39Z">
          <params>
            <param index="0">
              <value>
                <![CDATA[abc@gmail.com]]>
              </value>
            </param>
            <param index="1">
              <value>
                <![CDATA[ABCdefg1234##]]>
              </value>
            </param>
            <param index="2">
              <value>
                <![CDATA[Mahesh]]>
              </value>
            </param>
            <param index="3">
              <value>
                <![CDATA[Singh]]>
              </value>
            </param>
            <param index="4">
              <value>
                <![CDATA[24]]>
              </value>
            </param>
            <param index="5">
              <value>
                <![CDATA[Bangalore]]>
              </value>
            </param>
          </params>
          <reporter-output>
          </reporter-output>
        </test-method> <!-- signupTest -->
        <test-method status="PASS" signature="teardown()[pri:0, instance:test.SignUpPageTest@1a1d6a08]" name="teardown" is-config="true" duration-ms="68" started-at="2021-12-15T06:06:39Z" finished-at="2021-12-15T06:06:39Z">
          <reporter-output>
          </reporter-output>
        </test-method> <!-- teardown -->
        <test-method status="PASS" signature="ReportTearDown()[pri:0, instance:test.SignUpPageTest@1a1d6a08]" name="ReportTearDown" is-config="true" duration-ms="328" started-at="2021-12-15T06:06:45Z" finished-at="2021-12-15T06:06:45Z">
          <reporter-output>
          </reporter-output>
        </test-method> <!-- ReportTearDown -->
      </class> <!-- test.SignUpPageTest -->
      <class name="test.AfterLoginTest">
        <test-method status="PASS" signature="setup()[pri:0, instance:test.AfterLoginTest@27808f31]" name="setup" is-config="true" duration-ms="883" started-at="2021-12-15T06:06:42Z" finished-at="2021-12-15T06:06:43Z">
          <reporter-output>
          </reporter-output>
        </test-method> <!-- setup -->
        <test-method status="PASS" signature="afterLogin(java.lang.String, java.lang.String)[pri:0, instance:test.AfterLoginTest@27808f31]" name="afterLogin" duration-ms="1272" started-at="2021-12-15T06:06:43Z" finished-at="2021-12-15T06:06:45Z">
          <params>
            <param index="0">
              <value>
                <![CDATA[abc@gmail.com]]>
              </value>
            </param>
            <param index="1">
              <value>
                <![CDATA[ABCdefg1234##]]>
              </value>
            </param>
          </params>
          <reporter-output>
          </reporter-output>
        </test-method> <!-- afterLogin -->
        <test-method status="PASS" signature="teardown()[pri:0, instance:test.AfterLoginTest@27808f31]" name="teardown" is-config="true" duration-ms="65" started-at="2021-12-15T06:06:45Z" finished-at="2021-12-15T06:06:45Z">
          <reporter-output>
          </reporter-output>
        </test-method> <!-- teardown -->
      </class> <!-- test.AfterLoginTest -->
    </test> <!-- Test -->
  </suite> <!-- Suite -->
</testng-results>
